
> nx run dragonball:build:production

[33m❯[39m Building...
[32m✔[39m Building...
[37m[1mInitial chunk files[22m[2m | [22m[1mNames[22m        [2m | [22m [1mRaw size[22m[2m | [22m[1mEstimated transfer size[22m
[32mmain-Q6WXEFFJ.js[37m   [2m | [22m[2mmain[22m         [2m | [22m[36m768.23 kB[37m[2m | [22m              [36m191.70 kB[37m
[32mstyles-2DN3NFKV.css[37m[2m | [22m[2mstyles[22m       [2m | [22m [36m10.09 kB[37m[2m | [22m                [36m2.35 kB[37m
[1m [22m                  [2m | [22m[1mInitial total[22m[2m | [22m[1m[93m778.32 kB[37m[22m[2m | [22m              [1m194.05 kB[22m
[1mLazy chunk files[22m   [2m | [22m[1mNames[22m        [2m | [22m [1mRaw size[22m[2m | [22m[1mEstimated transfer size[22m
[32mchunk-B4x9a_o2.js[37m  [2m | [22m[2mindex[22m        [2m | [22m [36m11.24 kB[37m[2m | [22m                [36m2.73 kB[37m
[32mchunk-Ck7AhlQv.js[37m  [2m | [22m[2mindex[22m        [2m | [22m  [36m4.48 kB[37m[2m | [22m                [36m1.37 kB[37m
[32mchunk-OwShOukc.js[37m  [2m | [22m[2mindex[22m        [2m | [22m[36m429 bytes[37m[2m | [22m              [36m429 bytes[37m
Application bundle generation complete. [11.998 seconds] - 2026-07-02T15:31:10.641Z
[39m
[1m[33m[33m▲ [43;33m[[43;30mWARNING[43;33m][0m [1mbundle initial exceeded maximum budget. Budget 500.00 kB was not met by 278.32 kB with a total of 778.32 kB.[0m
[33m▲ [43;33m[[43;30mWARNING[43;33m][0m [1mlibs/shared/ui/src/lib/cart-drawer/cart-drawer.css exceeded maximum budget. Budget 4.00 kB was not met by 2.72 kB with a total of 6.72 kB.[0m
[33m▲ [43;33m[[43;30mWARNING[43;33m][0m [1mlibs/shared/ui/src/lib/language-switcher/language-switcher.css exceeded maximum budget. Budget 4.00 kB was not met by 276 bytes with a total of 4.28 kB.[0m
[33m▲ [43;33m[[43;30mWARNING[43;33m][0m [1mlibs/shared/ui/src/lib/input-filter/input-filter.component.css exceeded maximum budget. Budget 4.00 kB was not met by 2.58 kB with a total of 6.58 kB.[0m
[33m▲ [43;33m[[43;30mWARNING[43;33m][0m [1mlibs/shared/ui/src/lib/button/button.css exceeded maximum budget. Budget 4.00 kB was not met by 2.79 kB with a total of 6.79 kB.[0m
[33m▲ [43;33m[[43;30mWARNING[43;33m][0m [1mlibs/shared/ui/src/lib/dropdown-filter/dropdown-filter.component.css exceeded maximum budget. Budget 4.00 kB was not met by 12 bytes with a total of 4.01 kB.[0m
[33m▲ [43;33m[[43;30mWARNING[43;33m][0m [1mlibs/shared/ui/src/lib/card/product-card.component.css exceeded maximum budget. Budget 4.00 kB was not met by 732 bytes with a total of 4.73 kB.[0m
[33m▲ [43;33m[[43;30mWARNING[43;33m][0m [1mlibs/shared/ui/src/lib/navbar/navbar.css exceeded maximum budget. Budget 4.00 kB was not met by 2.60 kB with a total of 6.60 kB.[0m
[33m▲ [43;33m[[43;30mWARNING[43;33m][0m [1mlibs/products/feature-product-details/src/lib/feature-product-details/feature-product-details.css exceeded maximum budget. Budget 4.00 kB was not met by 1.96 kB with a total of 5.96 kB.[0m
[39m[22m
[37mOutput location: /app/dist/apps/dragonball
[39m



 NX   Successfully ran target build for project dragonball
