
> nx run dragonball:serve:development

[33m❯[39m Building...
[32m✔[39m Building...
[37m[1mInitial chunk files[22m[2m | [22m[1mNames[22m        [2m | [22m [1mRaw size[22m
[32mchunk-56JZPR72.js[37m  [2m | [22m[2m-[22m            [2m | [22m[36m258.67 kB[37m[2m | [22m
[32mchunk-HSZJJQ3X.js[37m  [2m | [22m[2m-[22m            [2m | [22m [36m50.54 kB[37m[2m | [22m
[32mmain.js[37m            [2m | [22m[2mmain[22m         [2m | [22m [36m19.25 kB[37m[2m | [22m
[32mstyles.css[37m         [2m | [22m[2mstyles[22m       [2m | [22m [36m12.74 kB[37m[2m | [22m
[32mchunk-6SOGFANE.js[37m  [2m | [22m[2m-[22m            [2m | [22m  [36m4.12 kB[37m[2m | [22m
[32mchunk-WKASFFBB.js[37m  [2m | [22m[2m-[22m            [2m | [22m[36m588 bytes[37m[2m | [22m
[1m [22m                  [2m | [22m[1mInitial total[22m[2m | [22m[1m345.91 kB[22m
[1mLazy chunk files[22m   [2m | [22m[1mNames[22m        [2m | [22m [1mRaw size[22m
[32mchunk-IRGFMR2S.js[37m  [2m | [22m[2mindex[22m        [2m | [22m [36m31.16 kB[37m[2m | [22m
[32mchunk-7TDCNRUG.js[37m  [2m | [22m[2mindex[22m        [2m | [22m [36m13.28 kB[37m[2m | [22m
[32mchunk-ZITRJSFM.js[37m  [2m | [22m[2mindex[22m        [2m | [22m[36m989 bytes[37m[2m | [22m
Application bundle generation complete. [8.957 seconds] - 2026-05-14T14:23:36.972Z
[39m
[37mWatch mode enabled. Watching for file changes...[39m
[37mNOTE: Raw file sizes do not reflect development server per-request transformations.[39m
[2m2:23:37 PM[22m [36m[1m[vite][22m[39m [90m[2m(client)[22m[39m Re-optimizing dependencies because lockfile has changed
  [32m➜[39m  [1mLocal[22m:   [36mhttp://localhost:[1m4202[22m/[39m
