
> nx run petshop:serve:development

[33m❯[39m Building...
[32m✔[39m Building...
[37m[1mInitial chunk files[22m[2m | [22m[1mNames[22m        [2m | [22m [1mRaw size[22m
[32mchunk-NNDYITJC.js[37m  [2m | [22m[2m-[22m            [2m | [22m[36m258.70 kB[37m[2m | [22m
[32mchunk-YDWCE5Q6.js[37m  [2m | [22m[2m-[22m            [2m | [22m [36m42.13 kB[37m[2m | [22m
[32mmain.js[37m            [2m | [22m[2mmain[22m         [2m | [22m [36m20.25 kB[37m[2m | [22m
[32mstyles.css[37m         [2m | [22m[2mstyles[22m       [2m | [22m [36m12.74 kB[37m[2m | [22m
[32mchunk-YCFJP6VE.js[37m  [2m | [22m[2m-[22m            [2m | [22m  [36m2.72 kB[37m[2m | [22m
[32mchunk-HFBNPKKE.js[37m  [2m | [22m[2m-[22m            [2m | [22m  [36m1.45 kB[37m[2m | [22m
[32mchunk-WKASFFBB.js[37m  [2m | [22m[2m-[22m            [2m | [22m[36m588 bytes[37m[2m | [22m
[1m [22m                  [2m | [22m[1mInitial total[22m[2m | [22m[1m338.60 kB[22m
[1mLazy chunk files[22m   [2m | [22m[1mNames[22m        [2m | [22m [1mRaw size[22m
[32mchunk-HK2CWZKR.js[37m  [2m | [22m[2mindex[22m        [2m | [22m [36m31.19 kB[37m[2m | [22m
[32mchunk-A7H4JGJO.js[37m  [2m | [22m[2mindex[22m        [2m | [22m [36m21.80 kB[37m[2m | [22m
[32mchunk-V45GVSTS.js[37m  [2m | [22m[2mindex[22m        [2m | [22m [36m16.76 kB[37m[2m | [22m
[32mchunk-7FJVSFEF.js[37m  [2m | [22m[2mindex[22m        [2m | [22m  [36m1.02 kB[37m[2m | [22m
Application bundle generation complete. [9.490 seconds] - 2026-05-14T14:23:37.588Z
[39m
[37mWatch mode enabled. Watching for file changes...[39m
[37mNOTE: Raw file sizes do not reflect development server per-request transformations.[39m
[2m2:23:38 PM[22m [36m[1m[vite][22m[39m [90m[2m(client)[22m[39m Re-optimizing dependencies because lockfile has changed
  [32m➜[39m  [1mLocal[22m:   [36mhttp://localhost:[1m4200[22m/[39m
