
> nx run petshop:serve:development

[33m❯[39m Building...
[32m✔[39m Building...
[37m[1mInitial chunk files[22m[2m | [22m[1mNames[22m        [2m | [22m [1mRaw size[22m
[32mmain.js[37m            [2m | [22m[2mmain[22m         [2m | [22m [36m11.22 kB[37m[2m | [22m
[32mstyles.css[37m         [2m | [22m[2mstyles[22m       [2m | [22m  [36m8.11 kB[37m[2m | [22m
[32mchunk-2SZXNUPS.js[37m  [2m | [22m[2m-[22m            [2m | [22m  [36m4.55 kB[37m[2m | [22m
[32mchunk-4K6ZPUYX.js[37m  [2m | [22m[2m-[22m            [2m | [22m  [36m4.21 kB[37m[2m | [22m
[1m [22m                  [2m | [22m[1mInitial total[22m[2m | [22m [1m28.10 kB[22m
[1mLazy chunk files[22m   [2m | [22m[1mNames[22m        [2m | [22m [1mRaw size[22m
[32mchunk-KP3RUDDA.js[37m  [2m | [22m[2m-[22m            [2m | [22m[36m179.33 kB[37m[2m | [22m
[32mchunk-IO63OECD.js[37m  [2m | [22m[2mindex[22m        [2m | [22m [36m35.91 kB[37m[2m | [22m
[32mchunk-DX6HFG2C.js[37m  [2m | [22m[2mindex[22m        [2m | [22m [36m27.11 kB[37m[2m | [22m
[32mchunk-N63GC6SV.js[37m  [2m | [22m[2mindex[22m        [2m | [22m[36m903 bytes[37m[2m | [22m
Application bundle generation complete. [5.491 seconds] - 2026-04-11T13:40:04.336Z
[39m
[37mWatch mode enabled. Watching for file changes...[39m
[37mNOTE: Raw file sizes do not reflect development server per-request transformations.[39m
  [32m➜[39m  [1mLocal[22m:   [36mhttp://localhost:[1m4200[22m/[39m
[33m❯[39m Changes detected. Rebuilding...
[32m✔[39m Changes detected. Rebuilding...
[37m[1mInitial chunk files[22m[2m | [22m[1mNames[22m        [2m | [22m [1mRaw size[22m
[32mmain.js[37m            [2m | [22m[2mmain[22m         [2m | [22m [36m11.22 kB[37m[2m | [22m
[32mstyles.css[37m         [2m | [22m[2mstyles[22m       [2m | [22m  [36m8.11 kB[37m[2m | [22m
[32mchunk-2SZXNUPS.js[37m  [2m | [22m[2m-[22m            [2m | [22m  [36m4.55 kB[37m[2m | [22m
[32mchunk-4K6ZPUYX.js[37m  [2m | [22m[2m-[22m            [2m | [22m  [36m4.21 kB[37m[2m | [22m
[1m [22m                  [2m | [22m[1mInitial total[22m[2m | [22m [1m28.10 kB[22m
[1mLazy chunk files[22m   [2m | [22m[1mNames[22m        [2m | [22m [1mRaw size[22m
[32mchunk-KP3RUDDA.js[37m  [2m | [22m[2m-[22m            [2m | [22m[36m179.33 kB[37m[2m | [22m
[32mchunk-IO63OECD.js[37m  [2m | [22m[2mindex[22m        [2m | [22m [36m35.91 kB[37m[2m | [22m
[32mchunk-DX6HFG2C.js[37m  [2m | [22m[2mindex[22m        [2m | [22m [36m27.11 kB[37m[2m | [22m
[32mchunk-N63GC6SV.js[37m  [2m | [22m[2mindex[22m        [2m | [22m[36m903 bytes[37m[2m | [22m
Application bundle generation complete. [0.117 seconds] - 2026-04-11T13:48:22.157Z
[39m
[37mPage reload sent to client(s).[39m
[33m❯[39m Changes detected. Rebuilding...
[32m✔[39m Changes detected. Rebuilding...
[37m[1mInitial chunk files[22m[2m | [22m[1mNames[22m        [2m | [22m [1mRaw size[22m
[32mmain.js[37m            [2m | [22m[2mmain[22m         [2m | [22m [36m11.22 kB[37m[2m | [22m
[32mstyles.css[37m         [2m | [22m[2mstyles[22m       [2m | [22m  [36m8.11 kB[37m[2m | [22m
[32mchunk-2SZXNUPS.js[37m  [2m | [22m[2m-[22m            [2m | [22m  [36m4.55 kB[37m[2m | [22m
[32mchunk-4K6ZPUYX.js[37m  [2m | [22m[2m-[22m            [2m | [22m  [36m4.21 kB[37m[2m | [22m
[1m [22m                  [2m | [22m[1mInitial total[22m[2m | [22m [1m28.10 kB[22m
[1mLazy chunk files[22m   [2m | [22m[1mNames[22m        [2m | [22m [1mRaw size[22m
[32mchunk-KP3RUDDA.js[37m  [2m | [22m[2m-[22m            [2m | [22m[36m179.33 kB[37m[2m | [22m
[32mchunk-IO63OECD.js[37m  [2m | [22m[2mindex[22m        [2m | [22m [36m35.91 kB[37m[2m | [22m
[32mchunk-DX6HFG2C.js[37m  [2m | [22m[2mindex[22m        [2m | [22m [36m27.11 kB[37m[2m | [22m
[32mchunk-N63GC6SV.js[37m  [2m | [22m[2mindex[22m        [2m | [22m[36m903 bytes[37m[2m | [22m
Application bundle generation complete. [0.075 seconds] - 2026-04-11T13:48:25.160Z
[39m
[37mPage reload sent to client(s).[39m
[33m❯[39m Changes detected. Rebuilding...
[32m✔[39m Changes detected. Rebuilding...
[37m[1mInitial chunk files[22m[2m | [22m[1mNames[22m[2m | [22m [1mRaw size[22m
[32mmain.js[37m            [2m | [22m[2mmain[22m [2m | [22m [36m11.22 kB[37m[2m | [22m
[1mLazy chunk files[22m   [2m | [22m[1mNames[22m[2m | [22m [1mRaw size[22m
[32mchunk-4FL3NY4F.js[37m  [2m | [22m[2mindex[22m[2m | [22m [36m36.06 kB[37m[2m | [22m
[32mchunk-4S4NXU6D.js[37m  [2m | [22m[2mindex[22m[2m | [22m[36m903 bytes[37m[2m | [22m
Application bundle generation complete. [2.346 seconds] - 2026-04-11T13:48:37.041Z
[39m
[1m[33m[33m▲ [43;33m[[43;30mWARNING[43;33m][0m [1mNG8113: TranslocoDirective is not used within the template of FeatureProductList[0m [1m[35m[plugin angular-compiler][0m
    libs/product/feature-product-list/src/lib/feature-product-list/feature-product-list.ts:21:4:
[37m      21 │     [32mTranslocoDirective[37m,
         ╵     [32m~~~~~~~~~~~~~~~~~~[0m
[39m[22m
[37mPage reload sent to client(s).[39m
[33m❯[39m Changes detected. Rebuilding...
[32m✔[39m Changes detected. Rebuilding...
[37m[1mInitial chunk files[22m[2m | [22m[1mNames[22m[2m | [22m [1mRaw size[22m
[32mmain.js[37m            [2m | [22m[2mmain[22m [2m | [22m [36m11.22 kB[37m[2m | [22m
[1mLazy chunk files[22m   [2m | [22m[1mNames[22m[2m | [22m [1mRaw size[22m
[32mchunk-KMMOZXBU.js[37m  [2m | [22m[2mindex[22m[2m | [22m [36m36.84 kB[37m[2m | [22m
[32mchunk-L6TTQN4I.js[37m  [2m | [22m[2mindex[22m[2m | [22m[36m903 bytes[37m[2m | [22m
Application bundle generation complete. [0.978 seconds] - 2026-04-11T13:48:40.752Z
[39m
[37mComponent update sent to client(s).[39m
[33m❯[39m Changes detected. Rebuilding...
[32m✔[39m Changes detected. Rebuilding...
[37m[1mInitial chunk files[22m[2m | [22m[1mNames[22m        [2m | [22m [1mRaw size[22m
[32mmain.js[37m            [2m | [22m[2mmain[22m         [2m | [22m [36m11.22 kB[37m[2m | [22m
[32mstyles.css[37m         [2m | [22m[2mstyles[22m       [2m | [22m  [36m8.11 kB[37m[2m | [22m
[32mchunk-2SZXNUPS.js[37m  [2m | [22m[2m-[22m            [2m | [22m  [36m4.55 kB[37m[2m | [22m
[32mchunk-4K6ZPUYX.js[37m  [2m | [22m[2m-[22m            [2m | [22m  [36m4.21 kB[37m[2m | [22m
[1m [22m                  [2m | [22m[1mInitial total[22m[2m | [22m [1m28.10 kB[22m
[1mLazy chunk files[22m   [2m | [22m[1mNames[22m        [2m | [22m [1mRaw size[22m
[32mchunk-KP3RUDDA.js[37m  [2m | [22m[2m-[22m            [2m | [22m[36m179.33 kB[37m[2m | [22m
[32mchunk-KMMOZXBU.js[37m  [2m | [22m[2mindex[22m        [2m | [22m [36m36.84 kB[37m[2m | [22m
[32mchunk-DX6HFG2C.js[37m  [2m | [22m[2mindex[22m        [2m | [22m [36m27.11 kB[37m[2m | [22m
[32mchunk-L6TTQN4I.js[37m  [2m | [22m[2mindex[22m        [2m | [22m[36m903 bytes[37m[2m | [22m
Application bundle generation complete. [0.061 seconds] - 2026-04-11T13:49:13.700Z
[39m
[37mPage reload sent to client(s).[39m
[33m❯[39m Changes detected. Rebuilding...
[32m✔[39m Changes detected. Rebuilding...
[37m[1mInitial chunk files[22m[2m | [22m[1mNames[22m        [2m | [22m [1mRaw size[22m
[32mmain.js[37m            [2m | [22m[2mmain[22m         [2m | [22m [36m11.22 kB[37m[2m | [22m
[32mstyles.css[37m         [2m | [22m[2mstyles[22m       [2m | [22m  [36m8.11 kB[37m[2m | [22m
[32mchunk-2SZXNUPS.js[37m  [2m | [22m[2m-[22m            [2m | [22m  [36m4.55 kB[37m[2m | [22m
[32mchunk-4K6ZPUYX.js[37m  [2m | [22m[2m-[22m            [2m | [22m  [36m4.21 kB[37m[2m | [22m
[1m [22m                  [2m | [22m[1mInitial total[22m[2m | [22m [1m28.10 kB[22m
[1mLazy chunk files[22m   [2m | [22m[1mNames[22m        [2m | [22m [1mRaw size[22m
[32mchunk-KP3RUDDA.js[37m  [2m | [22m[2m-[22m            [2m | [22m[36m179.33 kB[37m[2m | [22m
[32mchunk-KMMOZXBU.js[37m  [2m | [22m[2mindex[22m        [2m | [22m [36m36.84 kB[37m[2m | [22m
[32mchunk-DX6HFG2C.js[37m  [2m | [22m[2mindex[22m        [2m | [22m [36m27.11 kB[37m[2m | [22m
[32mchunk-L6TTQN4I.js[37m  [2m | [22m[2mindex[22m        [2m | [22m[36m903 bytes[37m[2m | [22m
Application bundle generation complete. [0.059 seconds] - 2026-04-11T13:49:17.438Z
[39m
[37mPage reload sent to client(s).[39m
[33m❯[39m Changes detected. Rebuilding...
[32m✔[39m Changes detected. Rebuilding...
[37m[1mInitial chunk files[22m[2m | [22m[1mNames[22m[2m | [22m [1mRaw size[22m
[32mmain.js[37m            [2m | [22m[2mmain[22m [2m | [22m [36m11.22 kB[37m[2m | [22m
[1mLazy chunk files[22m   [2m | [22m[1mNames[22m[2m | [22m [1mRaw size[22m
[32mchunk-PHJ5O2NF.js[37m  [2m | [22m[2mindex[22m[2m | [22m [36m37.11 kB[37m[2m | [22m
[32mchunk-26URRT3Y.js[37m  [2m | [22m[2mindex[22m[2m | [22m[36m903 bytes[37m[2m | [22m
Application bundle generation complete. [1.585 seconds] - 2026-04-11T13:49:30.744Z
[39m
[1m[33m[33m▲ [43;33m[[43;30mWARNING[43;33m][0m [1mNG8113: TranslocoDirective is not used within the template of FiltersComponent[0m [1m[35m[plugin angular-compiler][0m
    libs/product/feature-product-list/src/lib/feature-product-list/components/filters/filters.component.ts:20:4:
[37m      20 │     [32mTranslocoDirective[37m,
         ╵     [32m~~~~~~~~~~~~~~~~~~[0m
[39m[22m
[37mPage reload sent to client(s).[39m
[33m❯[39m Changes detected. Rebuilding...
[32m✔[39m Changes detected. Rebuilding...
[37m[1mInitial chunk files[22m[2m | [22m[1mNames[22m[2m | [22m [1mRaw size[22m
[32mmain.js[37m            [2m | [22m[2mmain[22m [2m | [22m [36m11.22 kB[37m[2m | [22m
[1mLazy chunk files[22m   [2m | [22m[1mNames[22m[2m | [22m [1mRaw size[22m
[32mchunk-WBZZ2M7A.js[37m  [2m | [22m[2mindex[22m[2m | [22m [36m37.65 kB[37m[2m | [22m
[32mchunk-X5UW63KT.js[37m  [2m | [22m[2mindex[22m[2m | [22m[36m903 bytes[37m[2m | [22m
Application bundle generation complete. [1.045 seconds] - 2026-04-11T13:49:34.801Z
[39m
[37mComponent update sent to client(s).[39m
