
> nx run rickymorty:serve:development --port 4201

[33m❯[39m Building...
[32m✔[39m Building...
[37m[1mInitial chunk files[22m[2m | [22m[1mNames[22m        [2m | [22m [1mRaw size[22m
[32mchunk-3QVOGA64.js[37m  [2m | [22m[2m-[22m            [2m | [22m[36m266.82 kB[37m[2m | [22m
[32mstyles.css[37m         [2m | [22m[2mstyles[22m       [2m | [22m [36m11.17 kB[37m[2m | [22m
[32mmain.js[37m            [2m | [22m[2mmain[22m         [2m | [22m  [36m8.67 kB[37m[2m | [22m
[1m [22m                  [2m | [22m[1mInitial total[22m[2m | [22m[1m286.66 kB[22m
[1mLazy chunk files[22m   [2m | [22m[1mNames[22m        [2m | [22m [1mRaw size[22m
[32mchunk-IUDD2IBA.js[37m  [2m | [22m[2mindex[22m        [2m | [22m [36m12.35 kB[37m[2m | [22m
Application bundle generation complete. [4.989 seconds] - 2026-04-17T15:53:08.723Z
[39m
[37mWatch mode enabled. Watching for file changes...[39m
[37mNOTE: Raw file sizes do not reflect development server per-request transformations.[39m
  [32m➜[39m  [1mLocal[22m:   [36mhttp://localhost:[1m4201[22m/[39m
[33m❯[39m Changes detected. Rebuilding...
[32m✔[39m Changes detected. Rebuilding...
[37m[1mInitial chunk files[22m[2m | [22m[1mNames[22m[2m | [22m [1mRaw size[22m
[32mchunk-ZLOKZ4TP.js[37m  [2m | [22m[2m-[22m    [2m | [22m[36m266.82 kB[37m[2m | [22m
[32mmain.js[37m            [2m | [22m[2mmain[22m [2m | [22m [36m13.80 kB[37m[2m | [22m
[1mLazy chunk files[22m   [2m | [22m[1mNames[22m[2m | [22m [1mRaw size[22m
[32mchunk-OISOO5CE.js[37m  [2m | [22m[2mindex[22m[2m | [22m [36m12.35 kB[37m[2m | [22m
Application bundle generation complete. [3.931 seconds] - 2026-04-17T15:55:26.986Z
[39m
[37mPage reload sent to client(s).[39m



 NX   Successfully ran target serve for project rickymorty
