$ nx serve petshop

> nx run petshop:serve:development

[33m❯[39m Building...
[32m✔[39m Building...
[37m[1mInitial chunk files[22m[2m | [22m[1mNames[22m        [2m | [22m [1mRaw size[22m
[32mmain.js[37m            [2m | [22m[2mmain[22m         [2m | [22m [36m13.23 kB[37m[2m | [22m
[32mstyles.css[37m         [2m | [22m[2mstyles[22m       [2m | [22m  [36m7.43 kB[37m[2m | [22m
[32mchunk-O4FU6LIL.js[37m  [2m | [22m[2m-[22m            [2m | [22m  [36m4.60 kB[37m[2m | [22m
[32mchunk-DSFQBYG6.js[37m  [2m | [22m[2m-[22m            [2m | [22m[36m658 bytes[37m[2m | [22m
[1m [22m                  [2m | [22m[1mInitial total[22m[2m | [22m [1m25.92 kB[22m
[1mLazy chunk files[22m   [2m | [22m[1mNames[22m        [2m | [22m [1mRaw size[22m
[32mchunk-BGR52JCE.js[37m  [2m | [22m[2m-[22m            [2m | [22m[36m148.26 kB[37m[2m | [22m
[32mchunk-MPBX7ALQ.js[37m  [2m | [22m[2mindex[22m        [2m | [22m [36m51.94 kB[37m[2m | [22m
[32mchunk-24FKFXJT.js[37m  [2m | [22m[2mindex[22m        [2m | [22m [36m26.88 kB[37m[2m | [22m
[32mchunk-QPB3Z4U2.js[37m  [2m | [22m[2mindex[22m        [2m | [22m[36m721 bytes[37m[2m | [22m
Application bundle generation complete. [5.506 seconds] - 2026-04-12T00:46:34.029Z
[39m
[37mWatch mode enabled. Watching for file changes...[39m
[37mNOTE: Raw file sizes do not reflect development server per-request transformations.[39m
  [32m➜[39m  [1mLocal[22m:   [36mhttp://localhost:[1m4200[22m/[39m
