Starting up http-server, serving dist/storybook/ui

http-server version: 14.1.1

http-server settings:
CORS: disabled
Cache: 3600 seconds
Connection Timeout: 120 seconds
Directory Listings: visible
AutoIndex: visible
Serve GZIP Files: false
Serve Brotli Files: false
Default File Extension: none

Available on:
  http://127.0.0.1:6006
  http://192.168.0.2:6006
Hit CTRL-C to stop the server

[2026-04-16T14:51:34.385Z]  "GET /iframe.html?id=molecules-chpagination--primary&viewMode=story" "Mozilla/5.0 (X11; Linux x86_64) AppleWebKit/537.36 (KHTML, like Gecko) HeadlessChrome/145.0.7632.6 Safari/537.36"
(node:56255) [DEP0066] DeprecationWarning: OutgoingMessage.prototype._headers is deprecated
(Use `node --trace-deprecation ...` to show where the warning was created)
[2026-04-16T14:51:34.393Z]  "GET /iframe.html?id=molecules-chpagination--primary&viewMode=story" Error (404): "Not found"
[2026-04-16T14:52:26.670Z]  "GET /iframe.html?id=molecules-chpagination--primary&viewMode=story" "Mozilla/5.0 (X11; Linux x86_64) AppleWebKit/537.36 (KHTML, like Gecko) HeadlessChrome/145.0.7632.6 Safari/537.36"
[2026-04-16T14:52:26.685Z]  "GET /main.8d47336f65276935bcfe.css" "Mozilla/5.0 (X11; Linux x86_64) AppleWebKit/537.36 (KHTML, like Gecko) HeadlessChrome/145.0.7632.6 Safari/537.36"
[2026-04-16T14:52:26.696Z]  "GET /sb-preview/runtime.js" "Mozilla/5.0 (X11; Linux x86_64) AppleWebKit/537.36 (KHTML, like Gecko) HeadlessChrome/145.0.7632.6 Safari/537.36"
[2026-04-16T14:52:26.696Z]  "GET /mocker-runtime-injected.js" "Mozilla/5.0 (X11; Linux x86_64) AppleWebKit/537.36 (KHTML, like Gecko) HeadlessChrome/145.0.7632.6 Safari/537.36"
[2026-04-16T14:52:26.697Z]  "GET /runtime~main.26911f87.iframe.bundle.js" "Mozilla/5.0 (X11; Linux x86_64) AppleWebKit/537.36 (KHTML, like Gecko) HeadlessChrome/145.0.7632.6 Safari/537.36"
[2026-04-16T14:52:26.698Z]  "GET /613.3758b55d.iframe.bundle.js" "Mozilla/5.0 (X11; Linux x86_64) AppleWebKit/537.36 (KHTML, like Gecko) HeadlessChrome/145.0.7632.6 Safari/537.36"
[2026-04-16T14:52:26.699Z]  "GET /main.9410bd07.iframe.bundle.js" "Mozilla/5.0 (X11; Linux x86_64) AppleWebKit/537.36 (KHTML, like Gecko) HeadlessChrome/145.0.7632.6 Safari/537.36"
[2026-04-16T14:52:27.211Z]  "GET /index.json" "Mozilla/5.0 (X11; Linux x86_64) AppleWebKit/537.36 (KHTML, like Gecko) HeadlessChrome/145.0.7632.6 Safari/537.36"
[2026-04-16T14:52:27.244Z]  "GET /src-lib-pagination-pagination-component-stories.29587866.iframe.bundle.js" "Mozilla/5.0 (X11; Linux x86_64) AppleWebKit/537.36 (KHTML, like Gecko) HeadlessChrome/145.0.7632.6 Safari/537.36"
[2026-04-16T14:52:27.730Z]  "GET /139.58b099be.iframe.bundle.js" "Mozilla/5.0 (X11; Linux x86_64) AppleWebKit/537.36 (KHTML, like Gecko) HeadlessChrome/145.0.7632.6 Safari/537.36"
